2026-03-01 16:30:32,703 [INFO] --- 🔄 매퍼 초기화 (시도 경로: /home/minia/voice-trader/stock_info/stock_list.csv) ---
2026-03-01 16:30:32,719 [ERROR] 💥 로드 중 에러 발생: 'Series' object has no attribute 'upper'
Traceback (most recent call last):
  File "/home/minia/voice-trader/src/utils/mapper.py", line 51, in __init__
    self.df['name_clean'] = self.df['name'].str.replace(r'\s+', '', regex=True).upper()
                            ^^^^^^^^^^^^^^^^^^^^^^^^^^^^^^^^^^^^^^^^^^^^^^^^^^^^^^^^^
  File "/home/minia/voice-trader/.venv/lib/python3.14/site-packages/pandas/core/generic.py", line 6206, in __getattr__
    return object.__getattribute__(self, name)
           ~~~~~~~~~~~~~~~~~~~~~~~^^^^^^^^^^^^
AttributeError: 'Series' object has no attribute 'upper'
2026-03-01 16:32:21,449 [INFO] --- 🔄 매퍼 초기화 (시도 경로: /home/minia/voice-trader/stock_info/stock_list.csv) ---
2026-03-01 16:32:21,473 [INFO] ✅ 데이터 로드 성공: 2448개 종목 로드됨
2026-03-01 16:32:21,489 [INFO] 🔍 [진단] '삼성전자' 데이터 정상 확인 (코드: 005930)
2026-03-01 16:33:20,412 [DEBUG] 🔎 [검색] '삼성 전주' -> '삼성전주'
2026-03-01 16:33:20,429 [DEBUG] 📋 상위 후보군 점수: [('삼성전자', 75.0, 389), ('삼성전기', 75.0, 500), ('삼성전자우', 66.66666666666667, 390), ('삼성전기우', 66.66666666666667, 501), ('삼성화재', 50.0, 89)]
2026-03-01 16:33:20,429 [INFO] ✨ [매칭성공] 점수 75.0: '삼성 전주' -> '삼성전자'
2026-03-01 16:33:29,512 [DEBUG] 🔎 [검색] '삼성 전자' -> '삼성전자'
2026-03-01 16:33:29,513 [INFO] 🎯 [완전일치] '삼성전자' -> '삼성전자'
2026-03-01 16:33:36,527 [DEBUG] 🔎 [검색] 'LG 전자' -> 'LG전자'
2026-03-01 16:33:36,528 [INFO] 🎯 [완전일치] 'LG전자' -> 'LG전자'
2026-03-01 16:38:48,344 [DEBUG] 🔎 [검색] '조광 페인트' -> '조광페인트'
2026-03-01 16:38:48,345 [INFO] 🎯 [완전일치] '조광페인트' -> '조광페인트'
2026-03-01 16:41:32,752 [DEBUG] 🔎 [검색] '삼성전자' -> '삼성전자'
2026-03-01 16:41:32,753 [INFO] 🎯 [완전일치] '삼성전자' -> '삼성전자'
2026-03-01 16:41:33,809 [DEBUG] 🔎 [검색] '삼성전자' -> '삼성전자'
2026-03-01 16:41:33,810 [INFO] 🎯 [완전일치] '삼성전자' -> '삼성전자'
2026-03-01 16:42:23,269 [DEBUG] 🔎 [검색] '바이오 솔루션' -> '바이오솔루션'
2026-03-01 16:42:23,271 [DEBUG] 📋 상위 후보군 점수: [('와이투솔루션', 66.66666666666667, 599), ('씨케이솔루션', 66.66666666666667, 1925), ('한화솔루션', 54.54545454545454, 536), ('인바이오젠', 54.54545454545454, 965), ('바이오노트', 54.54545454545454, 1522)]
2026-03-01 16:42:23,271 [WARNING] ❌ [매칭실패] '바이오 솔루션' (최고점: 66.66666666666667)
2026-03-05 12:12:20,632 [INFO] --- 🔄 매퍼 초기화 (시도 경로: /home/minia/voice-trader/stock_info/stock_list.csv) ---
2026-03-05 12:12:20,663 [INFO] ✅ 데이터 로드 성공: 2448개 종목 로드됨
2026-03-05 12:12:20,668 [INFO] 🔍 [진단] '삼성전자' 데이터 정상 확인 (코드: 005930)
2026-03-05 12:18:58,430 [INFO] --- 🔄 매퍼 초기화 (시도 경로: /home/minia/voice-trader/stock_info/stock_list.csv) ---
2026-03-05 12:18:58,448 [INFO] ✅ 데이터 로드 성공: 2448개 종목 로드됨
2026-03-05 12:18:58,449 [INFO] 🔍 [진단] '삼성전자' 데이터 정상 확인 (코드: 005930)
2026-03-05 12:19:36,511 [DEBUG] 🔎 [검색] 'UNKNOWN' -> 'UNKNOWN'
2026-03-05 12:19:36,561 [DEBUG] 📋 상위 후보군 점수: [('NHN', 40.0, 1115), ('한국ANKOR유전', 37.5, 1086), ('UNICORN R&D 액티브', 36.36363636363637, 1648), ('SUN&L', 33.333333333333336, 218), ('UNICORN 포스트IPO액티브', 33.333333333333336, 1898)]
2026-03-05 12:19:36,561 [WARNING] ❌ [매칭실패] 'UNKNOWN' (최고점: 40.0)
2026-03-05 12:19:46,128 [DEBUG] 🔎 [검색] '삼성전자' -> '삼성전자'
2026-03-05 12:19:46,132 [INFO] 🎯 [완전일치] '삼성전자' -> '삼성전자'
2026-03-05 12:21:42,605 [INFO] --- 🔄 매퍼 초기화 (시도 경로: /home/minia/voice-trader/stock_info/stock_list.csv) ---
2026-03-05 12:21:42,625 [INFO] ✅ 데이터 로드 성공: 2448개 종목 로드됨
2026-03-05 12:21:42,626 [INFO] 🔍 [진단] '삼성전자' 데이터 정상 확인 (코드: 005930)
2026-03-05 12:22:23,597 [DEBUG] 🔎 [검색] '삼성전자' -> '삼성전자'
2026-03-05 12:22:23,609 [INFO] 🎯 [완전일치] '삼성전자' -> '삼성전자'
2026-03-05 12:24:55,056 [INFO] --- 🔄 매퍼 초기화 (시도 경로: /home/minia/voice-trader/stock_info/stock_list.csv) ---
2026-03-05 12:24:55,076 [INFO] ✅ 데이터 로드 성공: 2448개 종목 로드됨
2026-03-05 12:24:55,077 [INFO] 🔍 [진단] '삼성전자' 데이터 정상 확인 (코드: 005930)
2026-03-05 13:10:26,393 [DEBUG] 🔎 [검색] '삼성전자' -> '삼성전자'
2026-03-05 13:10:26,402 [INFO] 🎯 [완전일치] '삼성전자' -> '삼성전자'
2026-03-05 13:10:35,248 [DEBUG] 🔎 [검색] '삼성전자' -> '삼성전자'
2026-03-05 13:10:35,249 [INFO] 🎯 [완전일치] '삼성전자' -> '삼성전자'
2026-03-05 13:12:59,121 [DEBUG] 🔎 [검색] 'sk하이닉스' -> 'SK하이닉스'
2026-03-05 13:12:59,126 [INFO] 🎯 [완전일치] 'SK하이닉스' -> 'SK하이닉스'
2026-03-05 13:23:28,818 [INFO] --- 🔄 매퍼 초기화 (시도 경로: /home/minia/voice-trader/stock_info/stock_list.csv) ---
2026-03-05 13:23:28,833 [INFO] ✅ 데이터 로드 성공: 2448개 종목 로드됨
2026-03-05 13:23:28,834 [INFO] 🔍 [진단] '삼성전자' 데이터 정상 확인 (코드: 005930)
2026-03-05 13:24:11,013 [DEBUG] 🔎 [검색] '삼성전자' -> '삼성전자'
2026-03-05 13:24:11,022 [INFO] 🎯 [완전일치] '삼성전자' -> '삼성전자'
2026-03-05 13:27:09,029 [INFO] --- 🔄 매퍼 초기화 (시도 경로: /home/minia/voice-trader/stock_info/stock_list.csv) ---
2026-03-05 13:27:09,044 [INFO] ✅ 데이터 로드 성공: 2448개 종목 로드됨
2026-03-05 13:27:09,045 [INFO] 🔍 [진단] '삼성전자' 데이터 정상 확인 (코드: 005930)
2026-03-05 13:27:59,230 [DEBUG] 🔎 [검색] '삼성전자' -> '삼성전자'
2026-03-05 13:27:59,232 [INFO] 🎯 [완전일치] '삼성전자' -> '삼성전자'
2026-03-05 13:30:10,769 [INFO] --- 🔄 매퍼 초기화 (시도 경로: /home/minia/voice-trader/stock_info/stock_list.csv) ---
2026-03-05 13:30:10,784 [INFO] ✅ 데이터 로드 성공: 2448개 종목 로드됨
2026-03-05 13:30:10,785 [INFO] 🔍 [진단] '삼성전자' 데이터 정상 확인 (코드: 005930)
2026-03-05 13:36:13,315 [DEBUG] 🔎 [검색] '삼성전자' -> '삼성전자'
2026-03-05 13:36:13,317 [INFO] 🎯 [완전일치] '삼성전자' -> '삼성전자'
2026-03-05 13:40:19,908 [INFO] --- 🔄 매퍼 초기화 (시도 경로: /home/minia/voice-trader/stock_info/stock_list.csv) ---
2026-03-05 13:40:19,925 [INFO] ✅ 데이터 로드 성공: 2448개 종목 로드됨
2026-03-05 13:40:19,926 [INFO] 🔍 [진단] '삼성전자' 데이터 정상 확인 (코드: 005930)
2026-03-05 13:42:11,635 [INFO] --- 🔄 매퍼 초기화 (시도 경로: /home/minia/voice-trader/stock_info/stock_list.csv) ---
2026-03-05 13:42:11,651 [INFO] ✅ 데이터 로드 성공: 2448개 종목 로드됨
2026-03-05 13:42:11,652 [INFO] 🔍 [진단] '삼성전자' 데이터 정상 확인 (코드: 005930)
2026-03-05 13:44:05,064 [DEBUG] 🔎 [검색] '삼성전자' -> '삼성전자'
2026-03-05 13:44:05,072 [INFO] 🎯 [완전일치] '삼성전자' -> '삼성전자'
2026-03-05 13:44:56,593 [INFO] --- 🔄 매퍼 초기화 (시도 경로: /home/minia/voice-trader/stock_info/stock_list.csv) ---
2026-03-05 13:44:56,608 [INFO] ✅ 데이터 로드 성공: 2448개 종목 로드됨
2026-03-05 13:44:56,609 [INFO] 🔍 [진단] '삼성전자' 데이터 정상 확인 (코드: 005930)
2026-03-05 13:45:46,690 [DEBUG] 🔎 [검색] '삼성전자' -> '삼성전자'
2026-03-05 13:45:46,692 [INFO] 🎯 [완전일치] '삼성전자' -> '삼성전자'
2026-03-05 13:49:18,317 [INFO] --- 🔄 매퍼 초기화 (시도 경로: /home/minia/voice-trader/stock_info/stock_list.csv) ---
2026-03-05 13:49:18,332 [INFO] ✅ 데이터 로드 성공: 2448개 종목 로드됨
2026-03-05 13:49:18,333 [INFO] 🔍 [진단] '삼성전자' 데이터 정상 확인 (코드: 005930)
2026-03-05 13:50:08,322 [DEBUG] 🔎 [검색] '삼성전자' -> '삼성전자'
2026-03-05 13:50:08,324 [INFO] 🎯 [완전일치] '삼성전자' -> '삼성전자'
2026-03-05 13:50:16,428 [DEBUG] 🔎 [검색] 'sk하이닉스' -> 'SK하이닉스'
2026-03-05 13:50:16,429 [INFO] 🎯 [완전일치] 'SK하이닉스' -> 'SK하이닉스'
2026-03-05 13:50:29,618 [DEBUG] 🔎 [검색] 'SK하이닉스' -> 'SK하이닉스'
2026-03-05 13:50:29,619 [INFO] 🎯 [완전일치] 'SK하이닉스' -> 'SK하이닉스'
2026-03-05 13:55:30,219 [INFO] --- 🔄 매퍼 초기화 (시도 경로: /home/minia/voice-trader/stock_info/stock_list.csv) ---
2026-03-05 13:55:30,234 [INFO] ✅ 데이터 로드 성공: 2448개 종목 로드됨
2026-03-05 13:55:30,235 [INFO] 🔍 [진단] '삼성전자' 데이터 정상 확인 (코드: 005930)
2026-03-05 13:56:06,613 [DEBUG] 🔎 [검색] 'sk하이닉스' -> 'SK하이닉스'
2026-03-05 13:56:06,615 [INFO] 🎯 [완전일치] 'SK하이닉스' -> 'SK하이닉스'
2026-03-05 13:56:12,544 [DEBUG] 🔎 [검색] 'sk하이닉스' -> 'SK하이닉스'
2026-03-05 13:56:12,545 [INFO] 🎯 [완전일치] 'SK하이닉스' -> 'SK하이닉스'
2026-03-05 13:57:39,464 [INFO] --- 🔄 매퍼 초기화 (시도 경로: /home/minia/voice-trader/stock_info/stock_list.csv) ---
2026-03-05 13:57:39,478 [INFO] ✅ 데이터 로드 성공: 2448개 종목 로드됨
2026-03-05 13:57:39,480 [INFO] 🔍 [진단] '삼성전자' 데이터 정상 확인 (코드: 005930)
2026-03-05 13:58:16,332 [DEBUG] 🔎 [검색] '삼성전자' -> '삼성전자'
2026-03-05 13:58:16,334 [INFO] 🎯 [완전일치] '삼성전자' -> '삼성전자'
2026-03-05 14:00:57,701 [INFO] --- 🔄 매퍼 초기화 (시도 경로: /home/minia/voice-trader/stock_info/stock_list.csv) ---
2026-03-05 14:00:57,717 [INFO] ✅ 데이터 로드 성공: 2448개 종목 로드됨
2026-03-05 14:00:57,718 [INFO] 🔍 [진단] '삼성전자' 데이터 정상 확인 (코드: 005930)
2026-03-05 14:01:34,316 [DEBUG] 🔎 [검색] '삼성전자' -> '삼성전자'
2026-03-05 14:01:34,326 [INFO] 🎯 [완전일치] '삼성전자' -> '삼성전자'
2026-03-05 14:06:44,056 [INFO] --- 🔄 매퍼 초기화 (시도 경로: /home/minia/voice-trader/stock_info/stock_list.csv) ---
2026-03-05 14:06:44,073 [INFO] ✅ 데이터 로드 성공: 2448개 종목 로드됨
2026-03-05 14:06:44,074 [INFO] 🔍 [진단] '삼성전자' 데이터 정상 확인 (코드: 005930)
2026-03-05 14:07:32,537 [DEBUG] 🔎 [검색] '삼성전자' -> '삼성전자'
2026-03-05 14:07:32,571 [INFO] 🎯 [완전일치] '삼성전자' -> '삼성전자'
2026-03-05 14:09:25,259 [INFO] --- 🔄 매퍼 초기화 (시도 경로: /home/minia/voice-trader/stock_info/stock_list.csv) ---
2026-03-05 14:09:25,275 [INFO] ✅ 데이터 로드 성공: 2448개 종목 로드됨
2026-03-05 14:09:25,277 [INFO] 🔍 [진단] '삼성전자' 데이터 정상 확인 (코드: 005930)
2026-03-05 14:10:00,435 [DEBUG] 🔎 [검색] '삼성전자' -> '삼성전자'
2026-03-05 14:10:00,445 [INFO] 🎯 [완전일치] '삼성전자' -> '삼성전자'
2026-03-05 14:11:56,499 [DEBUG] 🔎 [검색] '삼성전자' -> '삼성전자'
2026-03-05 14:11:56,500 [INFO] 🎯 [완전일치] '삼성전자' -> '삼성전자'
2026-03-05 21:03:57,609 [INFO] --- 🔄 매퍼 초기화 (시도 경로: /home/minia/voice-trader/stock_info/stock_list.csv) ---
2026-03-05 21:03:57,684 [INFO] ✅ 데이터 로드 성공: 2448개 종목 로드됨
2026-03-05 21:03:57,691 [INFO] 🔍 [진단] '삼성전자' 데이터 정상 확인 (코드: 005930)
2026-03-05 21:10:21,512 [INFO] --- 🔄 매퍼 초기화 (시도 경로: /home/minia/voice-trader/stock_info/stock_list.csv) ---
2026-03-05 21:10:21,546 [INFO] ✅ 데이터 로드 성공: 2448개 종목 로드됨
2026-03-05 21:10:21,553 [INFO] 🔍 [진단] '삼성전자' 데이터 정상 확인 (코드: 005930)
2026-03-05 21:25:36,915 [INFO] --- 🔄 매퍼 초기화 (시도 경로: /home/minia/voice-trader/stock_info/stock_list.csv) ---
2026-03-05 21:25:36,951 [INFO] ✅ 데이터 로드 성공: 2448개 종목 로드됨
2026-03-05 21:25:36,956 [INFO] 🔍 [진단] '삼성전자' 데이터 정상 확인 (코드: 005930)
2026-03-05 21:27:49,540 [DEBUG] 🔎 [검색] '삼성전자' -> '삼성전자'
2026-03-05 21:27:49,614 [INFO] 🎯 [완전일치] '삼성전자' -> '삼성전자'
2026-03-05 21:27:56,582 [DEBUG] 🔎 [검색] '삼성전자' -> '삼성전자'
2026-03-05 21:27:56,583 [INFO] 🎯 [완전일치] '삼성전자' -> '삼성전자'
